C51 COMPILER V9.50a   DELAY                                                                11/25/2019 21:04:01 PAGE 1   


C51 COMPILER V9.50a, COMPILATION OF MODULE DELAY
OBJECT MODULE PLACED IN delay.obj
COMPILER INVOKED BY: D:\KeilC51\C51\BIN\C51.EXE driver\delay.c BROWSE INCDIR(.\driver;.\config) DEBUG OBJECTEXTEND PRINT
                    -(.\delay.lst) TABS(2) OBJECT(delay.obj)

line level    source

   1          #include "reg52.h"
   2          #include "delay.h"
   3          #include "intrins.h"
   4          
   5          sbit BEEP = P3^6;
   6          
   7          void Delay1ms()   //@11.0592MHz
   8          {
   9   1        unsigned char i, j;
  10   1        _nop_();
  11   1        i = 11;
  12   1        j = 190;
  13   1        do
  14   1        {
  15   2          while (--j);
  16   2        } while (--i);
  17   1      }
  18          
  19          void delay_us(nus)//us 延时 不是很准确
  20          {
  21   1        _nop_();
  22   1      }
  23          
  24          
  25          void delay_ms(unsigned int ums)
  26          {
  27   1        while(ums--)
  28   1        {
  29   2           Delay1ms();
  30   2        }
  31   1      
  32   1      }
  33          


MODULE INFORMATION:   STATIC OVERLAYABLE
   CODE SIZE        =     36    ----
   CONSTANT SIZE    =   ----    ----
   XDATA SIZE       =   ----    ----
   PDATA SIZE       =   ----    ----
   DATA SIZE        =   ----       2
   IDATA SIZE       =   ----    ----
   BIT SIZE         =   ----    ----
END OF MODULE INFORMATION.


C51 COMPILATION COMPLETE.  0 WARNING(S),  0 ERROR(S)
