C51 COMPILER V9.50a   MAIN                                                                 11/25/2019 22:12:41 PAGE 1   


C51 COMPILER V9.50a, COMPILATION OF MODULE MAIN
OBJECT MODULE PLACED IN main.OBJ
COMPILER INVOKED BY: D:\KeilC51\C51\BIN\C51.EXE main.c BROWSE INCDIR(.\driver;.\config) DEBUG OBJECTEXTEND TABS(2)

line level    source

   1          #include "config.h"
   2          #include "stdio.h"
   3          #include "string.h"
   4          #include "uart.h"
   5          #include "intrins.h"
   6          #include "delay.h"
   7          #include "lcd12864.h"
   8          #include "timer.h"
   9          #include "QRcoder.h"
  10          #include "key.h"
  11          
  12          unsigned char  rxlengh = 0;//串口接收数据长度
  13          unsigned char flag_waitPay = 0;//等待支付才可以按键操作
  14          unsigned char keyValue = 0;//键值
  15          
  16          //语音播放控制脚
  17          sbit Voice = P1^1;
  18          void Voice_player(void);
  19          
  20          void main()
  21          {
  22   1         unsigned char i = 0;
  23   1         USART2_Init();//串口2 115200 二维码模块串口
  24   1         Timer0Init();//定时器初始化
  25   1         LCD12864_init();//LCD12864 初始化
  26   1         LcdDiplay_MainWindow();
  27   1       
  28   1         while(1)
  29   1         {
  30   2           Is_Receive_Ok(&rxlengh);//判断串口是否接收完成
  31   2           if(rxlengh !=0)
  32   2           {
  33   3             if(strstr(Receive_Data,"0001")!=NULL)
  34   3             {
  35   4                LcdDispy_productInfo(&productInfo[0]);
  36   4             }
  37   3             else if(strstr(Receive_Data,"0002")!=NULL)
  38   3             {
  39   4                LcdDispy_productInfo(&productInfo[1]);  
  40   4             }
  41   3              else if(strstr(Receive_Data,"0003")!=NULL)
  42   3             {
  43   4                LcdDispy_productInfo(&productInfo[2]);
  44   4             }
  45   3             else if(strstr(Receive_Data,"0004")!=NULL)
  46   3             {
  47   4                LcdDispy_productInfo(&productInfo[3]);
  48   4             }
  49   3             else if(strstr(Receive_Data,"0005")!=NULL)
  50   3             {
  51   4                LcdDispy_productInfo(&productInfo[4]);
  52   4             }
  53   3          
  54   3             Voice_player();  
  55   3             flag_waitPay = 1;//进入等待支付状态       
C51 COMPILER V9.50a   MAIN                                                                 11/25/2019 22:12:41 PAGE 2   

  56   3             receive_ok = 0;
  57   3             memset(Receive_Data,0,sizeof(Receive_Data));
  58   3             uart_len = 0;//标志位清0 开启下一次接收
  59   3           }
  60   2           keyValue = GetKey();
  61   2           if(keyValue == 1 && flag_waitPay==1)//支付键按下 S4
  62   2           {
  63   3               LcdDiplay_PayWindow();
  64   3               flag_waitPay = 0;
  65   3               keyValue = 0;
  66   3           }
  67   2           else if(keyValue == 4 && flag_waitPay==1)//取消支付键按下  s1
  68   2           {
  69   3               LcdDiplay_CancelWindow();//取消支付
  70   3               flag_waitPay = 0;
  71   3               keyValue = 0;
  72   3           }
  73   2         }
  74   1      }
  75          
  76          
  77          //语音播放
  78          void Voice_player()
  79          {
  80   1         Voice = 0; 
  81   1         delay_us(10);
  82   1         Voice = 1; 
  83   1      }


MODULE INFORMATION:   STATIC OVERLAYABLE
   CODE SIZE        =    279    ----
   CONSTANT SIZE    =     25    ----
   XDATA SIZE       =   ----    ----
   PDATA SIZE       =   ----    ----
   DATA SIZE        =      3       1
   IDATA SIZE       =   ----    ----
   BIT SIZE         =   ----    ----
END OF MODULE INFORMATION.


C51 COMPILATION COMPLETE.  0 WARNING(S),  0 ERROR(S)
