C51 COMPILER V9.50a   TIMER                                                                11/25/2019 21:04:01 PAGE 1   


C51 COMPILER V9.50a, COMPILATION OF MODULE TIMER
OBJECT MODULE PLACED IN timer.obj
COMPILER INVOKED BY: D:\KeilC51\C51\BIN\C51.EXE driver\timer.c BROWSE INCDIR(.\driver;.\config) DEBUG OBJECTEXTEND PRINT
                    -(.\timer.lst) TABS(2) OBJECT(timer.obj)

line level    source

   1          #include "config.h"
   2          #include "intrins.h"
   3          #include "timer.h"
   4          #include "stdio.h"
   5          #include "key.h"
   6          
   7          unsigned int count = 0;//定时计数器
   8          sbit LED1 = P1^0;
   9          
  10          void Timer0Init(void) 
  11          {
  12   1        #ifdef MODE1T
                  AUXR |= 0x80;                    //timer0 work in 1T mode
                #endif
  15   1          TMOD |= 0x01;                    //set timer0 as mode1 (16-bit)
  16   1          TL0 = timer0_init_val;          //initial timer0 low byte
  17   1          TH0 = timer0_init_val >> 8;     //initial timer0 high byte
  18   1          TR0 = 1;                        //timer0 start running
  19   1          ET0 = 1;                        //enable timer0 interrupt
  20   1          EA = 1;                         //open global interrupt switch
  21   1      }
  22          
  23          void tm0_isr() interrupt 1
  24          {  
  25   1          TL0 = timer0_init_val;          //initial timer0 low byte
  26   1          TH0 = timer0_init_val >> 8;     //initial timer0 high byte
  27   1          count++;
  28   1          //ReadKeyStatus();  
  29   1          if(count == 20)//1s
  30   1          {
  31   2              count =0;
  32   2              //printf("timer 1s \r\n");
  33   2              //LED1 =!LED1;
  34   2          }
  35   1      }
  36          
  37          
  38          


MODULE INFORMATION:   STATIC OVERLAYABLE
   CODE SIZE        =     45    ----
   CONSTANT SIZE    =   ----    ----
   XDATA SIZE       =   ----    ----
   PDATA SIZE       =   ----    ----
   DATA SIZE        =      2    ----
   IDATA SIZE       =   ----    ----
   BIT SIZE         =   ----    ----
END OF MODULE INFORMATION.


C51 COMPILATION COMPLETE.  0 WARNING(S),  0 ERROR(S)
