C51 COMPILER V9.50a   TIMER                                                                10/27/2019 21:12:56 PAGE 1   


C51 COMPILER V9.50a, COMPILATION OF MODULE TIMER
OBJECT MODULE PLACED IN timer.obj
COMPILER INVOKED BY: D:\KeilC51\C51\BIN\C51.EXE driver\timer.c BROWSE INCDIR(.\driver) DEBUG OBJECTEXTEND PRINT(.\timer.
                    -lst) TABS(2) OBJECT(timer.obj)

line level    source

   1          #include <STC12C5A60S2.H>
   2          #include "intrins.h"
   3          #include "timer.h"
   4          #include "stdio.h"
   5          #include "adc.h"
*** WARNING C318 IN LINE 5 OF driver\timer.c: can't open file 'adc.h'
   6          #include "TOF10120.h"
*** WARNING C318 IN LINE 6 OF driver\timer.c: can't open file 'TOF10120.h'
   7          
   8          
   9          unsigned char count = 0;//软件计数器
  10          unsigned char get_adc_ok=0;//ADC采集完成标志位
  11          unsigned char bits = 0;//
  12          unsigned char adc_result,adc_result1;
  13          
  14          
  15          unsigned char T_500ms = 0;//驼背持续时间计数器
  16          unsigned char tuobei_switch= 0;//驼背继续时间计数开关
  17          
  18          unsigned char T_500ms_flag =0;//久坐持续时间计数器
  19          unsigned char jiuzuo_switch = 0;//久坐持续时间计数开关
  20          
  21          unsigned char zuowai_count = 0;//坐歪时间计数器
  22          unsigned char zuowai_switch=0;//坐歪判定开关打开
  23          
  24          void Timer0Init(void)   //50毫秒@12.000MHz
  25          {
  26   1        AUXR &= 0x7F;   //定时器时钟12T模式
  27   1        TMOD &= 0xF0;   //设置定时器模式
  28   1        TL0 = 0xB0;   //设置定时初值
  29   1        TH0 = 0x3C;   //设置定时初值
  30   1        TF0 = 0;    //清除TF0标志
  31   1        
  32   1        count = 0;
  33   1        ET0 = 1;
  34   1        EA = 1;//启动定时器中断
  35   1        TR0 = 1;//定时器0开始计时
  36   1      }
  37          
  38          void tm0_isr() interrupt 1
  39          {  
  40   1        count++;
  41   1        if (count== 100) //50ms*10=500ms
  42   1        {
  43   2           count = 0;  //reset counter 
  44   2          
  45   2           if(T_500ms_flag == 0)
  46   2           T_500ms_flag = 1;//500ms 标志位
  47   2          
  48   2           if(tuobei_switch == 1)//驼背计数开关打开 需要累计驼背持续时间了
  49   2           {
  50   3             T_500ms++;//500ms标志位
  51   3           }  
  52   2           if(zuowai_switch == 1)//坐歪计数开关打开
C51 COMPILER V9.50a   TIMER                                                                10/27/2019 21:12:56 PAGE 2   

  53   2           {
  54   3             zuowai_count++;
  55   3           }
  56   2           if(bits < 5)
  57   2           {      
  58   3             //adc_result = GetADCResult(0);
  59   3             //adc_result1 = GetADCResult(1); 
  60   3             //adcResult[bits++]= DistanDiffer(adc_result,adc_result1); //计算压力差值;
  61   3             bits++;
  62   3           }
  63   2           else
  64   2           {
  65   3             get_adc_ok = 1;
  66   3           }   
  67   2        }
  68   1      }
  69          
  70          
  71          


MODULE INFORMATION:   STATIC OVERLAYABLE
   CODE SIZE        =     78    ----
   CONSTANT SIZE    =   ----    ----
   XDATA SIZE       =   ----    ----
   PDATA SIZE       =   ----    ----
   DATA SIZE        =     11    ----
   IDATA SIZE       =   ----    ----
   BIT SIZE         =   ----    ----
END OF MODULE INFORMATION.


C51 COMPILATION COMPLETE.  2 WARNING(S),  0 ERROR(S)
